0 info it worked if it ends with ok
1 verbose cli [ 'node', '/usr/local/bin/npm', 'publish' ]
2 info using npm@2.5.1
3 info using node@v0.12.0
4 verbose node symlink /usr/local/bin/node
5 verbose publish [ '.' ]
6 silly cache add args [ '.', null ]
7 verbose cache add spec .
8 silly cache add parsed spec { raw: '.',
8 silly cache add   scope: null,
8 silly cache add   name: null,
8 silly cache add   rawSpec: '.',
8 silly cache add   spec: '/Users/alexthomas/Documents/cs360',
8 silly cache add   type: 'directory' }
9 verbose addLocalDirectory /Users/alexthomas/.npm/myServer.alexcthomas18/0.0.1/package.tgz not in flight; packing
10 verbose tar pack [ '/Users/alexthomas/.npm/myServer.alexcthomas18/0.0.1/package.tgz',
10 verbose tar pack   '/Users/alexthomas/Documents/cs360' ]
11 verbose tarball /Users/alexthomas/.npm/myServer.alexcthomas18/0.0.1/package.tgz
12 verbose folder /Users/alexthomas/Documents/cs360
13 info prepublish myServer.alexcthomas18@0.0.1
14 verbose addLocalTarball adding from inside cache /Users/alexthomas/.npm/myServer.alexcthomas18/0.0.1/package.tgz
15 silly cache afterAdd myServer.alexcthomas18@0.0.1
16 verbose afterAdd /Users/alexthomas/.npm/myServer.alexcthomas18/0.0.1/package/package.json not in flight; writing
17 verbose afterAdd /Users/alexthomas/.npm/myServer.alexcthomas18/0.0.1/package/package.json written
18 silly publish { author: { name: 'Alex Thomas' },
18 silly publish   name: 'myServer.alexcthomas18',
18 silly publish   version: '0.0.1',
18 silly publish   description: 'My first server',
18 silly publish   main: 'static',
18 silly publish   repository:
18 silly publish    { type: 'git',
18 silly publish      url: 'https://github.com/alexcthomas18/amazonServer' },
18 silly publish   keywords: [ 'BYU', 'cs360', 'Alex Thomas', 'alexcthomas18' ],
18 silly publish   engines: { node: '*' },
18 silly publish   readme: '# my Server\n',
18 silly publish   readmeFilename: 'README.md',
18 silly publish   gitHead: '5c9e96caf6d15a73da98dbe17e8900f13718a770',
18 silly publish   bugs: { url: 'https://github.com/alexcthomas18/amazonServer/issues' },
18 silly publish   homepage: 'https://github.com/alexcthomas18/amazonServer',
18 silly publish   _id: 'myServer.alexcthomas18@0.0.1',
18 silly publish   scripts: {},
18 silly publish   _shasum: '0502d39deaa5b8ddb5577f26d31ff5110e3806bf',
18 silly publish   _from: '.' }
19 silly mapToRegistry name myServer.alexcthomas18
20 silly mapToRegistry using default registry
21 silly mapToRegistry registry https://registry.npmjs.org/
22 silly mapToRegistry uri https://registry.npmjs.org/myServer.alexcthomas18
23 verbose publish registryBase https://registry.npmjs.org/
24 silly publish uploading /Users/alexthomas/.npm/myServer.alexcthomas18/0.0.1/package.tgz
25 verbose stack Error: Invalid name: "myServer.alexcthomas18"
25 verbose stack     at ensureValidName (/usr/local/lib/node_modules/npm/node_modules/normalize-package-data/lib/fixer.js:322:15)
25 verbose stack     at Object.module.exports.fixNameField (/usr/local/lib/node_modules/npm/node_modules/normalize-package-data/lib/fixer.js:211:5)
25 verbose stack     at CachingRegistryClient.publish (/usr/local/lib/node_modules/npm/node_modules/npm-registry-client/lib/publish.js:41:11)
25 verbose stack     at /usr/local/lib/node_modules/npm/lib/publish.js:135:14
25 verbose stack     at mapToRegistry (/usr/local/lib/node_modules/npm/lib/utils/map-to-registry.js:55:3)
25 verbose stack     at publish_ (/usr/local/lib/node_modules/npm/lib/publish.js:105:3)
25 verbose stack     at Array.<anonymous> (/usr/local/lib/node_modules/npm/node_modules/slide/lib/bind-actor.js:15:8)
25 verbose stack     at LOOP (/usr/local/lib/node_modules/npm/node_modules/slide/lib/chain.js:15:14)
25 verbose stack     at LOOP (/usr/local/lib/node_modules/npm/node_modules/slide/lib/chain.js:14:28)
25 verbose stack     at chain (/usr/local/lib/node_modules/npm/node_modules/slide/lib/chain.js:20:5)
26 verbose cwd /Users/alexthomas/Documents/cs360
27 error Darwin 14.1.0
28 error argv "node" "/usr/local/bin/npm" "publish"
29 error node v0.12.0
30 error npm  v2.5.1
31 error Invalid name: "myServer.alexcthomas18"
32 error If you need help, you may report this error at:
32 error     <http://github.com/npm/npm/issues>
33 verbose exit [ 1, true ]
